[2018-05-11T17:26:35.375] [INFO] access - /news-list ::1 method=GET cost=11 status=404
[2018-05-11T17:27:24.552] [INFO] access - /news-list ::1 method=GET cost=7 status=404
[2018-05-11T17:27:42.462] [INFO] access - /news-list ::1 method=GET cost=1 status=404
[2018-05-11T17:30:29.398] [INFO] access - /news-list ::1 method=GET cost=7 status=404
[2018-05-11T17:30:54.787] [INFO] access - /news-list ::1 method=GET cost=7 status=404
[2018-05-11T17:33:23.035] [INFO] access - /news-list ::1 method=GET cost=8 status=404
[2018-05-11T17:34:07.572] [INFO] access - /node/news-list ::1 method=GET cost=0 status=404
[2018-05-11T17:55:19.487] [INFO] access - /api/news-list ::1 method=GET cost=9 status=404
[2018-05-11T18:49:00.547] [INFO] access - /api/news-list ::1 method=POST cost=24 status=200
[2018-05-11T18:49:50.576] [INFO] access - /api/news-list ::1 method=POST cost=18 status=200
[2018-05-11T18:50:31.205] [INFO] access - /api/news-list ::1 method=POST cost=44 status=200
[2018-05-11T18:55:01.357] [INFO] access - /api/news-list ::1 method=POST cost=36 status=200
[2018-05-11T18:55:46.666] [INFO] access - /api/news-list ::1 method=POST cost=38 status=200
[2018-05-11T18:57:26.987] [INFO] access - /api/news-list ::1 method=POST cost=23 status=200
[2018-05-11T18:58:14.109] [INFO] access - /api/news-list ::1 method=POST cost=32 status=200
[2018-05-11T18:59:35.212] [INFO] access - /api/news-list ::1 method=POST cost=17 status=200
[2018-05-11T19:03:17.494] [INFO] access - /api/news-list ::1 method=POST cost=21 status=200
[2018-05-11T19:04:04.881] [INFO] access - /api/news-list ::1 method=POST cost=33 status=200
[2018-05-11T19:04:51.474] [INFO] access - /api/news-list ::1 method=POST cost=71 status=200
[2018-05-11T19:05:06.124] [INFO] access - /api/news-list ::1 method=POST cost=17 status=200
[2018-05-11T19:09:39.499] [INFO] access - /api/news-list ::1 method=POST cost=28 status=200
[2018-05-11T19:14:13.269] [INFO] access - /api/news-list ::1 method=POST cost=24 status=200
[2018-05-11T19:15:21.959] [INFO] access - /api/news-list ::1 method=POST cost=96 status=200
[2018-05-11T19:17:38.444] [INFO] access - /api/news-list ::1 method=POST cost=31 status=200
[2018-05-11T19:20:23.277] [INFO] access - /api/news-list ::1 method=POST cost=32 status=200
[2018-05-12T10:45:46.292] [INFO] access - /api/news-list ::1 method=POST cost=9 status=200
[2018-05-12T10:49:12.521] [INFO] access - /api/news-list ::1 method=POST cost=30 status=200
[2018-05-12T10:53:32.099] [INFO] access - /api/news-list ::1 method=POST cost=31 status=200
[2018-05-12T10:53:57.495] [INFO] access - /api/news-list ::1 method=POST cost=28 status=200
[2018-05-12T10:55:19.611] [INFO] access - /api/news-list ::1 method=POST cost=29 status=200
[2018-05-12T10:56:06.203] [INFO] access - /api/news-list ::1 method=POST cost=24 status=200
[2018-05-12T10:57:27.247] [INFO] access - /api/news-list ::1 method=POST cost=24 status=200
[2018-05-12T10:58:01.638] [INFO] access - /api/news-list ::1 method=POST cost=30 status=200
[2018-05-12T11:18:39.837] [INFO] access - /api/news-list ::1 method=POST cost=46 status=200
[2018-05-12T11:19:28.514] [INFO] access - /api/news-list ::1 method=POST cost=44 status=200
[2018-05-12T11:19:49.332] [INFO] access - /api/news-list ::1 method=POST cost=15 status=200
[2018-05-12T11:20:13.425] [INFO] access - /api/news-list ::1 method=POST cost=28 status=200
[2018-05-12T11:20:56.078] [INFO] access - /api/news-list ::1 method=POST cost=31 status=200
[2018-05-12T11:24:38.080] [INFO] access - /api/news-list ::1 method=POST cost=32 status=200
[2018-05-12T11:32:52.943] [INFO] access - /api/news-list ::1 method=POST cost=9 status=200
[2018-05-12T11:34:35.923] [INFO] access - /api/news-list ::1 method=POST cost=43 status=200
[2018-05-12T11:39:56.050] [INFO] access - /api/news-list ::1 method=GET cost=8 status=404
[2018-05-12T11:40:05.628] [INFO] access - /api/news-list ::1 method=GET cost=20 status=200
[2018-05-12T11:41:57.121] [INFO] access - /api/news-list ::1 method=GET cost=21 status=200
[2018-05-12T12:08:47.654] [INFO] access - /api/news-list ::1 method=POST cost=44 status=404
[2018-05-12T12:38:39.750] [INFO] access - /api/news-list ::1 method=POST cost=69 status=200
[2018-05-12T12:46:44.109] [INFO] access - /api/news-list ::1 method=PUT cost=1 status=404
[2018-05-12T12:46:56.469] [INFO] access - /api/news-list ::1 method=PUT cost=20 status=404
[2018-05-12T12:47:20.255] [INFO] access - /api/news-list ::1 method=PUT cost=55 status=200
[2018-05-12T12:52:02.449] [INFO] access - /api/news-list ::1 method=PUT cost=40 status=200
[2018-05-12T15:26:06.731] [INFO] access - /api/news-list ::1 method=GET cost=138 status=200
[2018-05-12T15:28:04.814] [INFO] access - /api/news-list ::1 method=GET cost=27 status=200
[2018-05-12T15:29:30.572] [INFO] access - /api/news-list ::1 method=GET cost=158 status=200
[2018-05-12T15:32:10.745] [INFO] access - /api/news-list ::1 method=POST cost=30 status=200
[2018-05-12T15:38:49.918] [INFO] access - /api/news-list/1 ::1 method=DELETE cost=4 status=404
[2018-05-12T15:39:24.984] [INFO] access - /api/news-list/1 ::1 method=DELETE cost=0 status=404
[2018-05-12T15:40:20.764] [INFO] access - /api/news-list ::1 method=DELETE cost=7 status=404
[2018-05-12T15:56:22.082] [INFO] access - /api/news-list ::1 method=GET cost=425 status=200
[2018-05-12T15:56:27.213] [INFO] access - /api/news-list ::1 method=GET cost=47 status=200
[2018-05-12T16:00:20.353] [INFO] access - /api/news-list/1 ::1 method=PUT cost=2 status=404
[2018-05-12T16:01:51.353] [INFO] access - /api/news-list/1 ::1 method=PUT cost=2 status=404
[2018-05-12T16:04:45.842] [INFO] access - /api/news-list ::1 method=PUT cost=58 status=404
[2018-05-12T16:09:04.638] [INFO] access - /api/news-list/1 ::1 method=PUT cost=141 status=200
[2018-05-12T16:10:06.073] [INFO] access - /api/news-list/1 ::1 method=DELETE cost=1 status=404
[2018-05-12T16:12:33.442] [INFO] access - /api/news-list/1 ::1 method=DELETE cost=448 status=200
